2019-12-05 10:15:35 INFO  Framework_Implementation:17 - URL Opened
2019-12-05 10:15:35 INFO  Framework_Implementation:20 - Username entered
2019-12-05 10:15:35 INFO  Framework_Implementation:22 - Password entered
2019-12-05 10:15:37 INFO  Framework_Implementation:29 - Login test passed
2019-12-05 10:20:13 INFO  Framework_Implementation:17 - URL Opened
2019-12-05 10:20:13 INFO  Framework_Implementation:20 - Username entered
2019-12-05 10:20:13 INFO  Framework_Implementation:22 - Password entered
2019-12-05 10:20:16 INFO  Framework_Implementation:29 - Login test passed
2019-12-05 10:32:19 INFO  Framework_Implementation:17 - URL Opened
2019-12-05 10:32:20 INFO  Framework_Implementation:20 - Username entered
2019-12-05 10:32:20 INFO  Framework_Implementation:22 - Password entered
2019-12-05 10:32:25 INFO  Framework_Implementation:29 - Login test passed
2019-12-05 10:44:31 INFO  Framework_Implementation:17 - URL Opened
2019-12-05 10:44:32 INFO  Framework_Implementation:20 - Username entered
2019-12-05 10:44:32 INFO  Framework_Implementation:22 - Password entered
2019-12-05 10:44:37 INFO  Framework_Implementation:29 - Login test passed
2019-12-05 10:51:30 INFO  Framework_Implementation:17 - URL Opened
2019-12-05 10:51:30 INFO  Framework_Implementation:20 - Username entered
2019-12-05 10:51:30 INFO  Framework_Implementation:22 - Password entered
2019-12-05 10:51:35 INFO  Framework_Implementation:29 - Login test passed
2019-12-05 10:51:55 INFO  Framework_Implementation:17 - URL Opened
2019-12-05 10:51:55 INFO  Framework_Implementation:20 - Username entered
2019-12-05 10:51:55 INFO  Framework_Implementation:22 - Password entered
2019-12-05 10:51:59 INFO  Framework_Implementation:29 - Login test passed
2019-12-05 10:54:09 INFO  Framework_Implementation:17 - URL Opened
2019-12-05 10:54:09 INFO  Framework_Implementation:20 - Username entered
2019-12-05 10:54:09 INFO  Framework_Implementation:22 - Password entered
2019-12-05 10:54:11 INFO  Framework_Implementation:29 - Login test passed
2019-12-05 10:54:35 INFO  Framework_Implementation:17 - URL Opened
2019-12-05 10:54:36 INFO  Framework_Implementation:20 - Username entered
2019-12-05 10:54:36 INFO  Framework_Implementation:22 - Password entered
2019-12-05 10:54:42 INFO  Framework_Implementation:29 - Login test passed
2019-12-05 10:55:18 INFO  Framework_Implementation:17 - URL Opened
2019-12-05 10:55:19 INFO  Framework_Implementation:20 - Username entered
2019-12-05 10:55:19 INFO  Framework_Implementation:22 - Password entered
2019-12-05 10:55:21 INFO  Framework_Implementation:29 - Login test passed
2019-12-05 10:56:09 INFO  Framework_Implementation:17 - URL Opened
2019-12-05 10:56:09 INFO  Framework_Implementation:20 - Username entered
2019-12-05 10:56:09 INFO  Framework_Implementation:22 - Password entered
2019-12-05 10:56:11 INFO  Framework_Implementation:29 - Login test passed
2019-12-05 10:57:40 INFO  Framework_Implementation:17 - URL Opened
2019-12-05 10:57:40 INFO  Framework_Implementation:20 - Username entered
2019-12-05 10:57:40 INFO  Framework_Implementation:22 - Password entered
2019-12-05 10:57:45 INFO  Framework_Implementation:29 - Login test passed
2019-12-05 10:57:54 INFO  Framework_Implementation:17 - URL Opened
2019-12-05 10:57:54 INFO  Framework_Implementation:20 - Username entered
2019-12-05 10:57:54 INFO  Framework_Implementation:22 - Password entered
2019-12-05 10:57:56 INFO  Framework_Implementation:29 - Login test passed
2019-12-05 11:22:51 INFO  Framework_Implementation:17 - URL Opened
2019-12-05 11:22:51 INFO  Framework_Implementation:20 - Username entered
2019-12-05 11:22:52 INFO  Framework_Implementation:22 - Password entered
2019-12-05 11:22:56 INFO  Framework_Implementation:29 - Login test passed
2019-12-05 11:23:09 INFO  Framework_Implementation:17 - URL Opened
2019-12-05 11:23:09 INFO  Framework_Implementation:20 - Username entered
2019-12-05 11:23:09 INFO  Framework_Implementation:22 - Password entered
2019-12-05 11:23:12 INFO  Framework_Implementation:29 - Login test passed
2019-12-05 11:43:06 INFO  Framework_Implementation:19 - URL Opened
2019-12-05 11:43:07 INFO  Framework_Implementation:22 - Username entered
2019-12-05 11:43:07 INFO  Framework_Implementation:24 - Password entered
2019-12-05 11:47:20 INFO  Framework_Implementation:19 - URL Opened
2019-12-05 11:47:20 INFO  Framework_Implementation:22 - Username entered
2019-12-05 11:47:20 INFO  Framework_Implementation:24 - Password entered
2019-12-05 13:46:42 INFO  Framework_Implementation:22 - UserName entered:::::
2019-12-05 13:46:42 INFO  Framework_Implementation:24 - Password entered:::::
2019-12-05 13:46:43 INFO  Framework_Implementation:26 - Login button clicked:::::
2019-12-05 13:52:09 INFO  Framework_Implementation:19 - URL Opened
2019-12-05 13:52:10 INFO  Framework_Implementation:22 - Username entered
2019-12-05 13:52:10 INFO  Framework_Implementation:24 - Password entered
2019-12-05 13:52:13 INFO  Framework_Implementation:31 - Login test passed
2019-12-05 13:54:26 INFO  Framework_Implementation:19 - URL Opened
2019-12-05 13:54:26 INFO  Framework_Implementation:22 - Username entered
2019-12-05 13:54:26 INFO  Framework_Implementation:24 - Password entered
2019-12-05 13:54:31 INFO  Framework_Implementation:31 - Login test passed
2019-12-05 13:56:32 INFO  Framework_Implementation:19 - URL Opened
2019-12-05 13:56:32 INFO  Framework_Implementation:22 - Username entered
2019-12-05 13:56:32 INFO  Framework_Implementation:24 - Password entered
2019-12-05 13:56:34 INFO  Framework_Implementation:31 - Login test passed
2019-12-05 13:56:52 INFO  Framework_Implementation:22 - UserName entered:::::
2019-12-05 13:56:52 INFO  Framework_Implementation:24 - Password entered:::::
2019-12-05 13:56:52 INFO  Framework_Implementation:26 - Login button clicked:::::
2019-12-05 15:08:54 INFO  Framework_Implementation:22 - UserName entered:::::
2019-12-05 15:08:55 INFO  Framework_Implementation:24 - Password entered:::::
2019-12-05 15:08:55 INFO  Framework_Implementation:26 - Login button clicked:::::
2019-12-05 15:11:32 INFO  Framework_Implementation:22 - UserName entered:::::
2019-12-05 15:11:32 INFO  Framework_Implementation:24 - Password entered:::::
2019-12-05 15:11:33 INFO  Framework_Implementation:26 - Login button clicked:::::
2019-12-05 15:15:44 INFO  Framework_Implementation:22 - UserName entered:::::
2019-12-05 15:15:44 INFO  Framework_Implementation:24 - Password entered:::::
2019-12-05 15:15:44 INFO  Framework_Implementation:26 - Login button clicked:::::
2019-12-05 15:17:09 INFO  Framework_Implementation:22 - UserName entered:::::
2019-12-05 15:17:09 INFO  Framework_Implementation:24 - Password entered:::::
2019-12-05 15:17:09 INFO  Framework_Implementation:26 - Login button clicked:::::
2019-12-05 15:28:10 INFO  Framework_Implementation:22 - UserName entered:::::
2019-12-05 15:28:10 INFO  Framework_Implementation:24 - Password entered:::::
2019-12-05 15:28:10 INFO  Framework_Implementation:26 - Login button clicked:::::
2019-12-05 15:35:38 INFO  Framework_Implementation:22 - UserName entered:::::
2019-12-05 15:35:39 INFO  Framework_Implementation:24 - Password entered:::::
2019-12-05 15:35:39 INFO  Framework_Implementation:26 - Login button clicked:::::
2019-12-05 15:37:44 INFO  Framework_Implementation:22 - UserName entered:::::
2019-12-05 15:37:44 INFO  Framework_Implementation:24 - Password entered:::::
2019-12-05 15:37:45 INFO  Framework_Implementation:26 - Login button clicked:::::
2019-12-05 15:38:25 INFO  Framework_Implementation:22 - UserName entered:::::
2019-12-05 15:38:25 INFO  Framework_Implementation:24 - Password entered:::::
2019-12-05 15:38:25 INFO  Framework_Implementation:26 - Login button clicked:::::
2019-12-05 15:41:06 INFO  Framework_Implementation:22 - UserName entered:::::
2019-12-05 15:41:06 INFO  Framework_Implementation:24 - Password entered:::::
2019-12-05 15:41:06 INFO  Framework_Implementation:26 - Login button clicked:::::
2019-12-05 17:09:08 INFO  Framework_Implementation:16 - URL Opened
2019-12-05 17:09:08 INFO  Framework_Implementation:19 - Username entered
2019-12-05 17:09:08 INFO  Framework_Implementation:21 - Password entered
2019-12-05 17:11:16 INFO  Framework_Implementation:16 - URL Opened
2019-12-05 17:11:16 INFO  Framework_Implementation:19 - Username entered
2019-12-05 17:11:16 INFO  Framework_Implementation:21 - Password entered
2019-12-05 17:12:02 INFO  Framework_Implementation:16 - URL Opened
2019-12-05 17:12:02 INFO  Framework_Implementation:19 - Username entered
2019-12-05 17:12:02 INFO  Framework_Implementation:21 - Password entered
2019-12-05 17:16:45 INFO  Framework_Implementation:16 - URL Opened
2019-12-05 17:16:45 INFO  Framework_Implementation:19 - Username entered
2019-12-05 17:16:46 INFO  Framework_Implementation:21 - Password entered
2019-12-05 17:17:48 INFO  Framework_Implementation:16 - URL Opened
2019-12-05 17:17:49 INFO  Framework_Implementation:19 - Username entered
2019-12-05 17:17:49 INFO  Framework_Implementation:21 - Password entered
2019-12-05 17:20:27 INFO  Framework_Implementation:16 - URL Opened
2019-12-05 17:20:27 INFO  Framework_Implementation:19 - Username entered
2019-12-05 17:20:28 INFO  Framework_Implementation:21 - Password entered
2019-12-05 17:21:41 INFO  Framework_Implementation:16 - URL Opened
2019-12-05 17:21:41 INFO  Framework_Implementation:19 - Username entered
2019-12-05 17:21:41 INFO  Framework_Implementation:21 - Password entered
2019-12-05 17:32:50 INFO  Framework_Implementation:16 - URL Opened
2019-12-05 17:32:50 INFO  Framework_Implementation:19 - Username entered
2019-12-05 17:32:50 INFO  Framework_Implementation:21 - Password entered
2019-12-05 18:07:52 INFO  Framework_Implementation:16 - URL Opened
2019-12-05 18:07:52 INFO  Framework_Implementation:19 - Username entered
2019-12-05 18:07:52 INFO  Framework_Implementation:21 - Password entered
2019-12-05 18:08:43 INFO  Framework_Implementation:16 - URL Opened
2019-12-05 18:08:43 INFO  Framework_Implementation:19 - Username entered
2019-12-05 18:08:43 INFO  Framework_Implementation:21 - Password entered
2019-12-05 18:10:01 INFO  Framework_Implementation:16 - URL Opened
2019-12-05 18:10:01 INFO  Framework_Implementation:19 - Username entered
2019-12-05 18:10:02 INFO  Framework_Implementation:21 - Password entered
2019-12-05 18:11:12 INFO  Framework_Implementation:16 - URL Opened
2019-12-05 18:11:12 INFO  Framework_Implementation:19 - Username entered
2019-12-05 18:11:12 INFO  Framework_Implementation:21 - Password entered
2019-12-05 18:16:30 INFO  Framework_Implementation:16 - URL Opened
2019-12-05 18:16:30 INFO  Framework_Implementation:19 - Username entered
2019-12-05 18:16:30 INFO  Framework_Implementation:21 - Password entered
2019-12-05 18:43:57 INFO  Framework_Implementation:19 - URL Opened
2019-12-05 18:43:59 INFO  Framework_Implementation:22 - Username entered
2019-12-05 18:43:59 INFO  Framework_Implementation:24 - Password entered
2019-12-05 18:44:01 INFO  Framework_Implementation:31 - Login test passed
2019-12-05 18:44:25 INFO  Framework_Implementation:16 - URL Opened
2019-12-05 18:44:25 INFO  Framework_Implementation:19 - Username entered
2019-12-05 18:44:25 INFO  Framework_Implementation:21 - Password entered
2019-12-06 11:49:46 INFO  Framework_Implementation:27 - UserName entered:::::
2019-12-06 11:49:46 INFO  Framework_Implementation:29 - Password entered:::::
2019-12-06 11:49:46 INFO  Framework_Implementation:31 - Login button clicked:::::
2019-12-06 12:21:28 INFO  Framework_Implementation:27 - UserName entered:::::
2019-12-06 12:21:28 INFO  Framework_Implementation:29 - Password entered:::::
2019-12-06 12:21:28 INFO  Framework_Implementation:31 - Login button clicked:::::
2019-12-06 12:26:46 INFO  Framework_Implementation:27 - UserName entered:::::
2019-12-06 12:26:46 INFO  Framework_Implementation:29 - Password entered:::::
2019-12-06 12:26:46 INFO  Framework_Implementation:31 - Login button clicked:::::
2019-12-06 14:39:29 INFO  Framework_Implementation:27 - UserName entered:::::
2019-12-06 14:39:29 INFO  Framework_Implementation:29 - Password entered:::::
2019-12-06 14:39:29 INFO  Framework_Implementation:31 - Login button clicked:::::
2019-12-06 14:42:31 INFO  Framework_Implementation:27 - UserName entered:::::
2019-12-06 14:42:32 INFO  Framework_Implementation:29 - Password entered:::::
2019-12-06 14:42:33 INFO  Framework_Implementation:31 - Login button clicked:::::
2019-12-06 14:47:01 INFO  Framework_Implementation:16 - URL Opened
2019-12-06 14:47:01 INFO  Framework_Implementation:19 - Username entered
2019-12-06 14:47:01 INFO  Framework_Implementation:21 - Password entered
2019-12-06 14:54:15 INFO  Framework_Implementation:16 - URL Opened
2019-12-06 14:54:15 INFO  Framework_Implementation:19 - Username entered
2019-12-06 14:54:15 INFO  Framework_Implementation:21 - Password entered
2019-12-06 15:01:05 INFO  Framework_Implementation:16 - URL Opened
2019-12-06 15:01:06 INFO  Framework_Implementation:19 - Username entered
2019-12-06 15:01:06 INFO  Framework_Implementation:21 - Password entered
2019-12-06 15:08:12 INFO  Framework_Implementation:16 - URL Opened
2019-12-06 15:08:13 INFO  Framework_Implementation:19 - Username entered
2019-12-06 15:08:13 INFO  Framework_Implementation:21 - Password entered
2019-12-06 15:09:56 INFO  Framework_Implementation:16 - URL Opened
2019-12-06 15:09:56 INFO  Framework_Implementation:19 - Username entered
2019-12-06 15:09:56 INFO  Framework_Implementation:21 - Password entered
2019-12-06 15:11:20 INFO  Framework_Implementation:16 - URL Opened
2019-12-06 15:11:21 INFO  Framework_Implementation:19 - Username entered
2019-12-06 15:11:21 INFO  Framework_Implementation:21 - Password entered
2019-12-06 15:50:13 INFO  Framework_Implementation:19 - URL Opened
2019-12-06 15:50:14 INFO  Framework_Implementation:22 - Username entered
2019-12-06 15:50:14 INFO  Framework_Implementation:24 - Password entered
2019-12-06 15:50:35 INFO  Framework_Implementation:31 - Login test passed
2019-12-06 15:52:47 INFO  Framework_Implementation:16 - URL Opened
2019-12-06 15:52:47 INFO  Framework_Implementation:19 - Username entered
2019-12-06 15:52:47 INFO  Framework_Implementation:21 - Password entered
2019-12-06 16:32:46 INFO  Framework_Implementation:16 - URL Opened
2019-12-06 16:32:47 INFO  Framework_Implementation:19 - Username entered
2019-12-06 16:32:47 INFO  Framework_Implementation:21 - Password entered
2019-12-06 16:37:10 INFO  Framework_Implementation:16 - URL Opened
2019-12-06 16:37:11 INFO  Framework_Implementation:19 - Username entered
2019-12-06 16:37:11 INFO  Framework_Implementation:21 - Password entered
2019-12-06 16:50:26 INFO  Framework_Implementation:16 - URL Opened
2019-12-06 16:50:28 INFO  Framework_Implementation:19 - Username entered
2019-12-06 16:50:28 INFO  Framework_Implementation:21 - Password entered
2019-12-06 16:52:17 INFO  Framework_Implementation:16 - URL Opened
2019-12-06 16:52:18 INFO  Framework_Implementation:19 - Username entered
2019-12-06 16:52:18 INFO  Framework_Implementation:21 - Password entered
2019-12-06 17:11:42 INFO  Framework_Implementation:19 - URL Opened
2019-12-06 17:11:43 INFO  Framework_Implementation:22 - Username entered
2019-12-06 17:11:43 INFO  Framework_Implementation:24 - Password entered
2019-12-06 17:13:57 INFO  Framework_Implementation:19 - URL Opened
2019-12-06 17:13:57 INFO  Framework_Implementation:22 - Username entered
2019-12-06 17:13:57 INFO  Framework_Implementation:24 - Password entered
2019-12-06 17:17:31 INFO  Framework_Implementation:19 - URL Opened
2019-12-06 17:17:34 INFO  Framework_Implementation:22 - Username entered
2019-12-06 17:17:35 INFO  Framework_Implementation:24 - Password entered
2019-12-06 17:19:22 INFO  Framework_Implementation:19 - URL Opened
2019-12-06 17:19:26 INFO  Framework_Implementation:22 - Username entered
2019-12-06 17:19:27 INFO  Framework_Implementation:24 - Password entered
2019-12-06 17:30:46 INFO  Framework_Implementation:19 - URL Opened
2019-12-06 17:30:46 INFO  Framework_Implementation:22 - Username entered
2019-12-06 17:30:46 INFO  Framework_Implementation:24 - Password entered
2019-12-06 17:38:27 INFO  Framework_Implementation:19 - URL Opened
2019-12-06 17:38:27 INFO  Framework_Implementation:22 - Username entered
2019-12-06 17:38:27 INFO  Framework_Implementation:24 - Password entered
2019-12-06 18:09:34 INFO  Framework_Implementation:19 - URL Opened
2019-12-06 18:09:34 INFO  Framework_Implementation:22 - Username entered
2019-12-06 18:09:34 INFO  Framework_Implementation:24 - Password entered
2019-12-06 18:26:40 INFO  Framework_Implementation:19 - URL Opened
2019-12-06 18:26:40 INFO  Framework_Implementation:22 - Username entered
2019-12-06 18:26:40 INFO  Framework_Implementation:24 - Password entered
2019-12-06 18:32:02 INFO  Framework_Implementation:19 - URL Opened
2019-12-06 18:32:34 INFO  Framework_Implementation:19 - URL Opened
2019-12-06 18:32:34 INFO  Framework_Implementation:22 - Username entered
2019-12-06 18:32:34 INFO  Framework_Implementation:24 - Password entered
2019-12-06 18:49:28 INFO  Framework_Implementation:19 - URL Opened
2019-12-06 18:49:40 INFO  Framework_Implementation:19 - URL Opened
2019-12-06 18:49:40 INFO  Framework_Implementation:22 - Username entered
2019-12-06 18:49:40 INFO  Framework_Implementation:24 - Password entered
2019-12-06 18:50:14 INFO  Framework_Implementation:19 - URL Opened
2019-12-06 18:50:15 INFO  Framework_Implementation:22 - Username entered
2019-12-06 18:50:15 INFO  Framework_Implementation:24 - Password entered
2019-12-06 18:51:05 INFO  Framework_Implementation:19 - URL Opened
2019-12-06 18:52:37 INFO  Framework_Implementation:19 - URL Opened
2019-12-06 18:54:34 INFO  Framework_Implementation:19 - URL Opened
2019-12-06 18:54:53 INFO  Framework_Implementation:19 - URL Opened
2019-12-06 18:54:53 INFO  Framework_Implementation:22 - Username entered
2019-12-06 18:54:53 INFO  Framework_Implementation:24 - Password entered
2019-12-06 18:59:10 INFO  Framework_Implementation:19 - URL Opened
2019-12-06 18:59:11 INFO  Framework_Implementation:22 - Username entered
2019-12-06 18:59:11 INFO  Framework_Implementation:24 - Password entered
2019-12-06 19:00:57 INFO  Framework_Implementation:19 - URL Opened
2019-12-06 19:01:52 INFO  Framework_Implementation:19 - URL Opened
2019-12-06 19:01:52 INFO  Framework_Implementation:22 - Username entered
2019-12-06 19:01:52 INFO  Framework_Implementation:24 - Password entered
2019-12-06 19:02:48 INFO  Framework_Implementation:19 - URL Opened
2019-12-06 19:02:49 INFO  Framework_Implementation:22 - Username entered
2019-12-06 19:02:49 INFO  Framework_Implementation:24 - Password entered
2019-12-06 19:05:43 INFO  Framework_Implementation:19 - URL Opened
2019-12-06 19:06:13 INFO  Framework_Implementation:19 - URL Opened
2019-12-06 19:06:13 INFO  Framework_Implementation:22 - Username entered
2019-12-06 19:06:13 INFO  Framework_Implementation:24 - Password entered
2019-12-06 19:06:51 INFO  Framework_Implementation:19 - URL Opened
2019-12-06 19:06:51 INFO  Framework_Implementation:22 - Username entered
2019-12-06 19:06:51 INFO  Framework_Implementation:24 - Password entered
2019-12-06 19:12:03 INFO  Framework_Implementation:19 - URL Opened
2019-12-06 19:12:03 INFO  Framework_Implementation:22 - Username entered
2019-12-06 19:12:03 INFO  Framework_Implementation:24 - Password entered
2019-12-07 09:54:50 INFO  Framework_Implementation:27 - UserName entered:::::
2019-12-07 09:54:50 INFO  Framework_Implementation:29 - Password entered:::::
2019-12-07 09:54:50 INFO  Framework_Implementation:31 - Login button clicked:::::
2019-12-07 09:56:34 INFO  Framework_Implementation:27 - UserName entered:::::
2019-12-07 09:56:34 INFO  Framework_Implementation:29 - Password entered:::::
2019-12-07 09:56:34 INFO  Framework_Implementation:31 - Login button clicked:::::
2019-12-07 09:57:07 INFO  Framework_Implementation:19 - URL Opened
2019-12-07 09:57:07 INFO  Framework_Implementation:22 - Username entered
2019-12-07 09:57:07 INFO  Framework_Implementation:24 - Password entered
2019-12-07 09:57:48 INFO  Framework_Implementation:19 - URL Opened
2019-12-07 09:57:48 INFO  Framework_Implementation:22 - Username entered
2019-12-07 09:57:48 INFO  Framework_Implementation:24 - Password entered
2019-12-07 10:02:45 INFO  Framework_Implementation:19 - URL Opened
2019-12-07 10:02:45 INFO  Framework_Implementation:22 - Username entered
2019-12-07 10:02:45 INFO  Framework_Implementation:24 - Password entered
2019-12-07 10:03:50 INFO  Framework_Implementation:19 - URL Opened
2019-12-07 10:03:50 INFO  Framework_Implementation:22 - Username entered
2019-12-07 10:03:51 INFO  Framework_Implementation:24 - Password entered
2019-12-07 10:09:59 INFO  Framework_Implementation:19 - URL Opened
2019-12-07 10:09:59 INFO  Framework_Implementation:22 - Username entered
2019-12-07 10:09:59 INFO  Framework_Implementation:24 - Password entered
2019-12-07 10:11:28 INFO  Framework_Implementation:19 - URL Opened
2019-12-07 10:11:29 INFO  Framework_Implementation:22 - Username entered
2019-12-07 10:11:29 INFO  Framework_Implementation:24 - Password entered
2019-12-07 10:13:16 INFO  Framework_Implementation:19 - URL Opened
2019-12-07 10:13:16 INFO  Framework_Implementation:22 - Username entered
2019-12-07 10:13:16 INFO  Framework_Implementation:24 - Password entered
2019-12-07 10:17:26 INFO  Framework_Implementation:19 - URL Opened
2019-12-07 10:17:26 INFO  Framework_Implementation:22 - Username entered
2019-12-07 10:17:26 INFO  Framework_Implementation:24 - Password entered
2019-12-07 11:37:27 INFO  Framework_Implementation:18 - URL Opened
2019-12-07 11:37:27 INFO  Framework_Implementation:21 - Username entered
2019-12-07 11:37:27 INFO  Framework_Implementation:23 - Password entered
2019-12-07 12:21:27 INFO  Framework_Implementation:17 - URL Opened
2019-12-07 12:21:27 INFO  Framework_Implementation:20 - Username entered
2019-12-07 12:21:27 INFO  Framework_Implementation:22 - Password entered
2019-12-07 12:22:32 INFO  Framework_Implementation:17 - URL Opened
2019-12-07 12:22:32 INFO  Framework_Implementation:20 - Username entered
2019-12-07 12:22:32 INFO  Framework_Implementation:22 - Password entered
2019-12-07 12:23:39 INFO  Framework_Implementation:17 - URL Opened
2019-12-07 12:23:39 INFO  Framework_Implementation:20 - Username entered
2019-12-07 12:23:39 INFO  Framework_Implementation:22 - Password entered
2019-12-07 12:30:25 INFO  Framework_Implementation:17 - URL Opened
2019-12-07 12:30:26 INFO  Framework_Implementation:20 - Username entered
2019-12-07 12:30:26 INFO  Framework_Implementation:22 - Password entered
2019-12-07 12:58:34 INFO  Framework_Implementation:17 - URL Opened
2019-12-07 12:58:35 INFO  Framework_Implementation:20 - Username entered
2019-12-07 12:58:36 INFO  Framework_Implementation:23 - Password entered
2019-12-07 12:59:48 INFO  Framework_Implementation:17 - URL Opened
2019-12-07 12:59:48 INFO  Framework_Implementation:20 - Username entered
2019-12-07 12:59:50 INFO  Framework_Implementation:23 - Password entered
2019-12-07 13:08:46 INFO  Framework_Implementation:17 - URL Opened
2019-12-07 13:08:47 INFO  Framework_Implementation:20 - Username entered
2019-12-07 13:08:49 INFO  Framework_Implementation:23 - Password entered
2019-12-07 13:12:09 INFO  Framework_Implementation:17 - URL Opened
2019-12-07 13:12:09 INFO  Framework_Implementation:20 - Username entered
2019-12-07 13:12:11 INFO  Framework_Implementation:23 - Password entered
2019-12-07 13:14:30 INFO  Framework_Implementation:19 - URL Opened
2019-12-07 13:14:30 INFO  Framework_Implementation:22 - Username entered
2019-12-07 13:14:30 INFO  Framework_Implementation:24 - Password entered
2019-12-07 13:14:35 INFO  Framework_Implementation:31 - Login test passed
2019-12-07 13:14:42 INFO  Framework_Implementation:27 - UserName entered:::::
2019-12-07 13:14:43 INFO  Framework_Implementation:29 - Password entered:::::
2019-12-07 13:14:43 INFO  Framework_Implementation:31 - Login button clicked:::::
2019-12-07 13:14:59 INFO  Framework_Implementation:17 - URL Opened
2019-12-07 13:14:59 INFO  Framework_Implementation:20 - Username entered
2019-12-07 13:15:01 INFO  Framework_Implementation:23 - Password entered
2019-12-07 13:28:10 INFO  Framework_Implementation:19 - URL Opened
2019-12-07 13:28:10 INFO  Framework_Implementation:22 - Username entered
2019-12-07 13:28:10 INFO  Framework_Implementation:24 - Password entered
2019-12-07 13:28:15 INFO  Framework_Implementation:31 - Login test passed
2019-12-07 13:28:23 INFO  Framework_Implementation:27 - UserName entered:::::
2019-12-07 13:28:23 INFO  Framework_Implementation:29 - Password entered:::::
2019-12-07 13:28:23 INFO  Framework_Implementation:31 - Login button clicked:::::
2019-12-07 13:28:38 INFO  Framework_Implementation:17 - URL Opened
2019-12-07 13:28:38 INFO  Framework_Implementation:20 - Username entered
2019-12-07 13:28:40 INFO  Framework_Implementation:23 - Password entered
2019-12-07 13:30:54 INFO  Framework_Implementation:19 - URL Opened
2019-12-07 13:30:55 INFO  Framework_Implementation:22 - Username entered
2019-12-07 13:30:55 INFO  Framework_Implementation:24 - Password entered
2019-12-07 13:31:00 INFO  Framework_Implementation:31 - Login test passed
2019-12-07 13:31:06 INFO  Framework_Implementation:27 - UserName entered:::::
2019-12-07 13:31:06 INFO  Framework_Implementation:29 - Password entered:::::
2019-12-07 13:31:06 INFO  Framework_Implementation:31 - Login button clicked:::::
2019-12-07 13:31:21 INFO  Framework_Implementation:17 - URL Opened
2019-12-07 13:31:21 INFO  Framework_Implementation:20 - Username entered
2019-12-07 13:31:23 INFO  Framework_Implementation:23 - Password entered
2019-12-07 14:55:32 INFO  Framework_Implementation:19 - URL Opened
2019-12-07 14:55:33 INFO  Framework_Implementation:22 - Username entered
2019-12-07 14:55:33 INFO  Framework_Implementation:24 - Password entered
2019-12-07 14:55:38 INFO  Framework_Implementation:31 - Login test passed
2019-12-07 14:55:56 INFO  Framework_Implementation:27 - UserName entered:::::
2019-12-07 14:55:56 INFO  Framework_Implementation:29 - Password entered:::::
2019-12-07 14:55:56 INFO  Framework_Implementation:31 - Login button clicked:::::
2019-12-07 14:56:23 INFO  Framework_Implementation:17 - URL Opened
2019-12-07 14:56:23 INFO  Framework_Implementation:20 - Username entered
2019-12-07 14:56:25 INFO  Framework_Implementation:23 - Password entered
2019-12-07 15:19:15 INFO  Framework_Implementation:19 - URL Opened
2019-12-07 15:19:17 INFO  Framework_Implementation:22 - Username entered
2019-12-07 15:19:17 INFO  Framework_Implementation:24 - Password entered
2019-12-07 15:19:22 INFO  Framework_Implementation:31 - Login test passed
2019-12-07 15:19:37 INFO  Framework_Implementation:27 - UserName entered:::::
2019-12-07 15:19:37 INFO  Framework_Implementation:29 - Password entered:::::
2019-12-07 15:19:37 INFO  Framework_Implementation:31 - Login button clicked:::::
2019-12-07 15:19:53 INFO  Framework_Implementation:17 - URL Opened
2019-12-07 15:19:53 INFO  Framework_Implementation:20 - Username entered
2019-12-07 15:19:56 INFO  Framework_Implementation:23 - Password entered
2019-12-07 15:27:10 INFO  Framework_Implementation:17 - URL Opened
2019-12-07 15:27:11 INFO  Framework_Implementation:20 - Username entered
2019-12-07 15:27:13 INFO  Framework_Implementation:23 - Password entered
2019-12-07 15:32:05 INFO  Framework_Implementation:17 - URL Opened
2019-12-07 15:32:06 INFO  Framework_Implementation:20 - Username entered
2019-12-07 15:32:08 INFO  Framework_Implementation:23 - Password entered
2019-12-09 10:34:50 INFO  Framework_Implementation:19 - URL Opened
2019-12-09 10:34:56 INFO  Framework_Implementation:22 - Username entered
2019-12-09 10:34:58 INFO  Framework_Implementation:25 - Password entered
2019-12-09 10:36:59 INFO  Framework_Implementation:19 - URL Opened
2019-12-09 10:36:59 INFO  Framework_Implementation:22 - Username entered
2019-12-09 10:37:01 INFO  Framework_Implementation:25 - Password entered
2019-12-09 10:38:06 INFO  Framework_Implementation:19 - URL Opened
2019-12-09 10:38:06 INFO  Framework_Implementation:22 - Username entered
2019-12-09 10:38:08 INFO  Framework_Implementation:25 - Password entered
2019-12-09 10:39:14 INFO  Framework_Implementation:19 - URL Opened
2019-12-09 10:39:21 INFO  Framework_Implementation:22 - Username entered
2019-12-09 10:39:23 INFO  Framework_Implementation:25 - Password entered
2019-12-09 10:40:12 INFO  Framework_Implementation:19 - URL Opened
2019-12-09 10:40:12 INFO  Framework_Implementation:22 - Username entered
2019-12-09 10:40:14 INFO  Framework_Implementation:25 - Password entered
2019-12-09 10:41:15 INFO  Framework_Implementation:19 - URL Opened
2019-12-09 10:41:15 INFO  Framework_Implementation:22 - Username entered
2019-12-09 10:41:17 INFO  Framework_Implementation:25 - Password entered
2019-12-09 10:42:23 INFO  Framework_Implementation:19 - URL Opened
2019-12-09 10:42:27 INFO  Framework_Implementation:22 - Username entered
2019-12-09 10:42:30 INFO  Framework_Implementation:25 - Password entered
2019-12-09 10:46:53 INFO  Framework_Implementation:19 - URL Opened
2019-12-09 10:46:53 INFO  Framework_Implementation:22 - Username entered
2019-12-09 10:46:55 INFO  Framework_Implementation:25 - Password entered
2019-12-09 10:48:57 INFO  Framework_Implementation:19 - URL Opened
2019-12-09 10:48:57 INFO  Framework_Implementation:22 - Username entered
2019-12-09 10:48:59 INFO  Framework_Implementation:25 - Password entered
2019-12-09 10:50:59 INFO  Framework_Implementation:19 - URL Opened
2019-12-09 10:50:59 INFO  Framework_Implementation:22 - Username entered
2019-12-09 10:51:01 INFO  Framework_Implementation:25 - Password entered
2019-12-09 10:52:38 INFO  Framework_Implementation:19 - URL Opened
2019-12-09 10:52:38 INFO  Framework_Implementation:22 - Username entered
2019-12-09 10:52:38 INFO  Framework_Implementation:24 - Password entered
2019-12-09 10:52:43 INFO  Framework_Implementation:31 - Login test passed
2019-12-09 10:52:49 INFO  Framework_Implementation:27 - UserName entered:::::
2019-12-09 10:52:49 INFO  Framework_Implementation:29 - Password entered:::::
2019-12-09 10:52:50 INFO  Framework_Implementation:31 - Login button clicked:::::
2019-12-09 10:53:03 INFO  Framework_Implementation:19 - URL Opened
2019-12-09 10:53:03 INFO  Framework_Implementation:22 - Username entered
2019-12-09 10:53:05 INFO  Framework_Implementation:25 - Password entered
2019-12-09 10:54:47 INFO  Framework_Implementation:19 - URL Opened
2019-12-09 10:54:47 INFO  Framework_Implementation:22 - Username entered
2019-12-09 10:54:47 INFO  Framework_Implementation:24 - Password entered
2019-12-09 10:54:51 INFO  Framework_Implementation:31 - Login test passed
2019-12-09 10:55:01 INFO  Framework_Implementation:19 - URL Opened
2019-12-09 10:55:01 INFO  Framework_Implementation:22 - Username entered
2019-12-09 10:55:03 INFO  Framework_Implementation:25 - Password entered
2019-12-09 10:57:59 INFO  Framework_Implementation:19 - URL Opened
2019-12-09 10:58:04 INFO  Framework_Implementation:22 - Username entered
2019-12-09 10:58:04 INFO  Framework_Implementation:24 - Password entered
2019-12-09 10:58:08 INFO  Framework_Implementation:31 - Login test passed
2019-12-09 10:58:14 INFO  Framework_Implementation:19 - URL Opened
2019-12-09 10:58:14 INFO  Framework_Implementation:22 - Username entered
2019-12-09 10:58:16 INFO  Framework_Implementation:25 - Password entered
2019-12-09 10:59:40 INFO  Framework_Implementation:19 - URL Opened
2019-12-09 10:59:40 INFO  Framework_Implementation:22 - Username entered
2019-12-09 10:59:40 INFO  Framework_Implementation:24 - Password entered
2019-12-09 10:59:46 INFO  Framework_Implementation:31 - Login test passed
2019-12-09 10:59:54 INFO  Framework_Implementation:19 - URL Opened
2019-12-09 10:59:54 INFO  Framework_Implementation:22 - Username entered
2019-12-09 10:59:56 INFO  Framework_Implementation:25 - Password entered
2019-12-09 12:21:48 INFO  Framework_Implementation:19 - URL Opened
2019-12-09 12:21:49 INFO  Framework_Implementation:19 - URL Opened
2019-12-09 15:27:16 INFO  Framework_Implementation:19 - URL Opened
2019-12-09 15:27:18 INFO  Framework_Implementation:19 - URL Opened
2019-12-09 15:27:52 INFO  Framework_Implementation:19 - URL Opened
2019-12-09 15:28:19 INFO  Framework_Implementation:19 - URL Opened
2019-12-09 15:29:43 INFO  Framework_Implementation:19 - URL Opened
2019-12-09 15:49:47 INFO  Framework_Implementation:19 - URL Opened
2019-12-09 15:50:29 INFO  Framework_Implementation:19 - URL Opened
2019-12-09 15:51:31 INFO  Framework_Implementation:19 - URL Opened
2019-12-09 15:51:32 INFO  Framework_Implementation:22 - Username entered
2019-12-09 15:51:34 INFO  Framework_Implementation:25 - Password entered
